src/aspects/Exceptions.aj
src/aspects/Implementations.aj
src/aspects/Transactions.aj
src/presentation/Auxiliary.aj

src/connection/ConexaoComercio.java

src/presentation/ProdutoDAO.java
src/persistence/CategoriaDAO.java
src/persistence/ClienteDAO.java
src/persistence/ItemDAO.java
src/persistence/PedidoDAO.java
src/persistence/ProdutoDAO.java

src/presentation/IFCadastro.java
src/presentation/IFCategoria.java
src/presentation/IFCliente.java
src/presentation/IFPedidoRegistrar.java
src/presentation/IFProduto.java
src/presentation/JFPrincipal.java
src/presentation/ModeloGrade.java

src/principal/Principal.java

src/tranference/Categoria.java
src/tranference/Cliente.java
src/tranference/Item.java
src/tranference/Pedido.java
src/tranference/Produto.java

